<?xml version="1.0" encoding="UTF-8"?>
<!-- Generated by org.testng.reporters.JUnitReportReporter -->
<testsuite skipped="0" hostname="ria" name="com.testautomation.TestRunner.TestRunner" tests="4" failures="0" timestamp="01 Apr 2019 15:52:26 GMT" time="281.624" errors="0">
  <testcase name="feature" time="120.160" classname="com.testautomation.TestRunner.TestRunner"/>
  <testcase name="feature" time="57.104" classname="com.testautomation.TestRunner.TestRunner"/>
  <testcase name="feature" time="51.380" classname="com.testautomation.TestRunner.TestRunner"/>
  <testcase name="feature" time="52.980" classname="com.testautomation.TestRunner.TestRunner"/>
</testsuite> <!-- com.testautomation.TestRunner.TestRunner -->
